mode: set
github.com/example/db2-operator/controllers/resource.go:52.123,57.16 3 0
github.com/example/db2-operator/controllers/resource.go:61.2,63.17 2 0
github.com/example/db2-operator/controllers/resource.go:57.16,60.3 2 0
github.com/example/db2-operator/controllers/resource.go:66.97,89.2 3 0
github.com/example/db2-operator/controllers/resource.go:91.96,114.2 3 0
github.com/example/db2-operator/controllers/resource.go:116.106,137.2 3 0
github.com/example/db2-operator/controllers/resource.go:139.100,309.2 4 0
github.com/example/db2-operator/controllers/resource.go:311.122,321.16 4 0
github.com/example/db2-operator/controllers/resource.go:327.2,329.44 3 0
github.com/example/db2-operator/controllers/resource.go:341.2,341.17 1 0
github.com/example/db2-operator/controllers/resource.go:321.16,324.3 1 0
github.com/example/db2-operator/controllers/resource.go:329.44,332.17 3 0
github.com/example/db2-operator/controllers/resource.go:336.3,339.58 2 0
github.com/example/db2-operator/controllers/resource.go:332.17,335.4 2 0
github.com/example/db2-operator/controllers/resource.go:344.130,353.16 4 0
github.com/example/db2-operator/controllers/resource.go:359.2,361.34 3 0
github.com/example/db2-operator/controllers/resource.go:385.2,387.74 3 0
github.com/example/db2-operator/controllers/resource.go:401.2,403.67 3 0
github.com/example/db2-operator/controllers/resource.go:417.2,419.71 3 0
github.com/example/db2-operator/controllers/resource.go:433.2,435.73 3 0
github.com/example/db2-operator/controllers/resource.go:449.2,451.74 3 0
github.com/example/db2-operator/controllers/resource.go:464.2,464.17 1 0
github.com/example/db2-operator/controllers/resource.go:353.16,356.3 1 0
github.com/example/db2-operator/controllers/resource.go:361.34,363.59 1 0
github.com/example/db2-operator/controllers/resource.go:371.3,374.17 3 0
github.com/example/db2-operator/controllers/resource.go:378.3,381.58 2 0
github.com/example/db2-operator/controllers/resource.go:363.59,365.4 1 0
github.com/example/db2-operator/controllers/resource.go:365.9,365.66 1 0
github.com/example/db2-operator/controllers/resource.go:365.66,367.4 1 0
github.com/example/db2-operator/controllers/resource.go:367.9,367.66 1 0
github.com/example/db2-operator/controllers/resource.go:367.66,369.4 1 0
github.com/example/db2-operator/controllers/resource.go:374.17,377.4 2 0
github.com/example/db2-operator/controllers/resource.go:387.74,390.17 3 0
github.com/example/db2-operator/controllers/resource.go:394.3,397.58 2 0
github.com/example/db2-operator/controllers/resource.go:390.17,393.4 2 0
github.com/example/db2-operator/controllers/resource.go:403.67,406.17 3 0
github.com/example/db2-operator/controllers/resource.go:410.3,413.58 2 0
github.com/example/db2-operator/controllers/resource.go:406.17,409.4 2 0
github.com/example/db2-operator/controllers/resource.go:419.71,422.17 3 0
github.com/example/db2-operator/controllers/resource.go:426.3,429.58 2 0
github.com/example/db2-operator/controllers/resource.go:422.17,425.4 2 0
github.com/example/db2-operator/controllers/resource.go:435.73,438.17 3 0
github.com/example/db2-operator/controllers/resource.go:442.3,445.58 2 0
github.com/example/db2-operator/controllers/resource.go:438.17,441.4 2 0
github.com/example/db2-operator/controllers/resource.go:451.74,454.17 3 0
github.com/example/db2-operator/controllers/resource.go:458.3,461.58 2 0
github.com/example/db2-operator/controllers/resource.go:454.17,457.4 2 0
github.com/example/db2-operator/controllers/resource.go:467.48,469.23 1 0
github.com/example/db2-operator/controllers/resource.go:475.2,475.24 1 0
github.com/example/db2-operator/controllers/resource.go:481.2,481.24 1 0
github.com/example/db2-operator/controllers/resource.go:487.2,487.12 1 0
github.com/example/db2-operator/controllers/resource.go:469.23,473.3 1 0
github.com/example/db2-operator/controllers/resource.go:475.24,479.3 1 0
github.com/example/db2-operator/controllers/resource.go:481.24,485.3 1 0
github.com/example/db2-operator/controllers/resource.go:490.75,497.16 3 0
github.com/example/db2-operator/controllers/resource.go:500.2,501.16 2 0
github.com/example/db2-operator/controllers/resource.go:505.2,530.23 6 0
github.com/example/db2-operator/controllers/resource.go:534.2,534.30 1 0
github.com/example/db2-operator/controllers/resource.go:497.16,499.3 1 0
github.com/example/db2-operator/controllers/resource.go:501.16,503.3 1 0
github.com/example/db2-operator/controllers/resource.go:530.23,532.3 1 0
github.com/example/db2-operator/controllers/resource.go:537.124,541.23 2 0
github.com/example/db2-operator/controllers/resource.go:545.2,545.45 1 0
github.com/example/db2-operator/controllers/resource.go:549.2,549.45 1 0
github.com/example/db2-operator/controllers/resource.go:554.2,555.16 2 0
github.com/example/db2-operator/controllers/resource.go:559.2,561.28 2 0
github.com/example/db2-operator/controllers/resource.go:541.23,543.3 1 0
github.com/example/db2-operator/controllers/resource.go:545.45,547.3 1 0
github.com/example/db2-operator/controllers/resource.go:549.45,551.3 1 0
github.com/example/db2-operator/controllers/resource.go:555.16,558.3 2 0
github.com/example/db2-operator/controllers/resource.go:564.151,573.32 5 0
github.com/example/db2-operator/controllers/resource.go:579.2,579.38 1 0
github.com/example/db2-operator/controllers/resource.go:589.2,589.28 1 0
github.com/example/db2-operator/controllers/resource.go:573.32,575.3 1 0
github.com/example/db2-operator/controllers/resource.go:575.8,577.3 1 0
github.com/example/db2-operator/controllers/resource.go:579.38,583.3 2 0
github.com/example/db2-operator/controllers/resource.go:583.8,583.45 1 0
github.com/example/db2-operator/controllers/resource.go:583.45,587.3 3 0
github.com/example/db2-operator/controllers/resource.go:592.183,609.16 10 0
github.com/example/db2-operator/controllers/resource.go:614.2,617.16 4 0
github.com/example/db2-operator/controllers/resource.go:622.2,626.16 4 0
github.com/example/db2-operator/controllers/resource.go:629.2,633.16 4 0
github.com/example/db2-operator/controllers/resource.go:636.2,640.16 4 0
github.com/example/db2-operator/controllers/resource.go:643.2,647.16 4 0
github.com/example/db2-operator/controllers/resource.go:650.2,654.16 4 0
github.com/example/db2-operator/controllers/resource.go:657.2,661.28 3 0
github.com/example/db2-operator/controllers/resource.go:609.16,612.3 2 0
github.com/example/db2-operator/controllers/resource.go:617.16,620.3 2 0
github.com/example/db2-operator/controllers/resource.go:626.16,628.3 1 0
github.com/example/db2-operator/controllers/resource.go:633.16,635.3 1 0
github.com/example/db2-operator/controllers/resource.go:640.16,642.3 1 0
github.com/example/db2-operator/controllers/resource.go:647.16,649.3 1 0
github.com/example/db2-operator/controllers/resource.go:654.16,656.3 1 0
github.com/example/db2-operator/controllers/resource.go:664.136,672.16 4 0
github.com/example/db2-operator/controllers/resource.go:677.2,677.28 1 0
github.com/example/db2-operator/controllers/resource.go:672.16,675.3 2 0
github.com/example/db2-operator/controllers/resource.go:680.124,683.2 1 0
github.com/example/db2-operator/controllers/common.go:21.25,30.42 4 0
github.com/example/db2-operator/controllers/common.go:50.2,50.17 1 0
github.com/example/db2-operator/controllers/common.go:30.42,36.17 3 0
github.com/example/db2-operator/controllers/common.go:36.17,40.4 2 0
github.com/example/db2-operator/controllers/common.go:40.9,43.4 1 0
github.com/example/db2-operator/controllers/common.go:44.8,44.23 1 0
github.com/example/db2-operator/controllers/common.go:44.23,48.3 2 0
github.com/example/db2-operator/controllers/common.go:56.25,65.42 4 0
github.com/example/db2-operator/controllers/common.go:85.2,85.17 1 0
github.com/example/db2-operator/controllers/common.go:65.42,71.17 3 0
github.com/example/db2-operator/controllers/common.go:71.17,75.4 2 0
github.com/example/db2-operator/controllers/common.go:75.9,78.4 1 0
github.com/example/db2-operator/controllers/common.go:79.8,79.23 1 0
github.com/example/db2-operator/controllers/common.go:79.23,83.3 2 0
github.com/example/db2-operator/controllers/common.go:91.25,100.42 4 0
github.com/example/db2-operator/controllers/common.go:120.2,120.17 1 0
github.com/example/db2-operator/controllers/common.go:100.42,106.17 3 0
github.com/example/db2-operator/controllers/common.go:106.17,110.4 2 0
github.com/example/db2-operator/controllers/common.go:110.9,113.4 1 0
github.com/example/db2-operator/controllers/common.go:114.8,114.23 1 0
github.com/example/db2-operator/controllers/common.go:114.23,118.3 2 0
github.com/example/db2-operator/controllers/common.go:123.141,132.65 3 0
github.com/example/db2-operator/controllers/common.go:137.2,143.16 3 0
github.com/example/db2-operator/controllers/common.go:148.2,150.56 2 0
github.com/example/db2-operator/controllers/common.go:155.2,157.17 2 0
github.com/example/db2-operator/controllers/common.go:132.65,135.3 2 0
github.com/example/db2-operator/controllers/common.go:143.16,146.3 1 0
github.com/example/db2-operator/controllers/common.go:150.56,153.3 2 0
github.com/example/db2-operator/controllers/common.go:160.177,171.65 3 0
github.com/example/db2-operator/controllers/common.go:176.2,176.17 1 0
github.com/example/db2-operator/controllers/common.go:171.65,174.3 2 0
github.com/example/db2-operator/controllers/common.go:179.37,194.2 5 0
github.com/example/db2-operator/controllers/db2cluster_controller.go:78.102,91.16 6 0
github.com/example/db2-operator/controllers/db2cluster_controller.go:115.2,116.19 2 0
github.com/example/db2-operator/controllers/db2cluster_controller.go:121.2,122.19 2 0
github.com/example/db2-operator/controllers/db2cluster_controller.go:127.2,128.19 2 0
github.com/example/db2-operator/controllers/db2cluster_controller.go:139.2,140.19 2 0
github.com/example/db2-operator/controllers/db2cluster_controller.go:151.2,153.19 3 0
github.com/example/db2-operator/controllers/db2cluster_controller.go:157.2,166.36 6 0
github.com/example/db2-operator/controllers/db2cluster_controller.go:287.2,287.73 1 0
github.com/example/db2-operator/controllers/db2cluster_controller.go:292.2,292.101 1 0
github.com/example/db2-operator/controllers/db2cluster_controller.go:297.2,297.73 1 0
github.com/example/db2-operator/controllers/db2cluster_controller.go:304.2,305.19 2 0
github.com/example/db2-operator/controllers/db2cluster_controller.go:310.2,311.19 2 0
github.com/example/db2-operator/controllers/db2cluster_controller.go:315.2,315.57 1 0
github.com/example/db2-operator/controllers/db2cluster_controller.go:91.16,92.29 1 0
github.com/example/db2-operator/controllers/db2cluster_controller.go:111.3,111.51 1 0
github.com/example/db2-operator/controllers/db2cluster_controller.go:92.29,97.21 3 0
github.com/example/db2-operator/controllers/db2cluster_controller.go:102.4,102.38 1 0
github.com/example/db2-operator/controllers/db2cluster_controller.go:97.21,99.5 1 0
github.com/example/db2-operator/controllers/db2cluster_controller.go:102.38,105.22 3 0
github.com/example/db2-operator/controllers/db2cluster_controller.go:105.22,107.6 1 0
github.com/example/db2-operator/controllers/db2cluster_controller.go:116.19,118.3 1 0
github.com/example/db2-operator/controllers/db2cluster_controller.go:122.19,124.3 1 0
github.com/example/db2-operator/controllers/db2cluster_controller.go:128.19,130.3 1 0
github.com/example/db2-operator/controllers/db2cluster_controller.go:140.19,142.3 1 0
github.com/example/db2-operator/controllers/db2cluster_controller.go:153.19,155.3 1 0
github.com/example/db2-operator/controllers/db2cluster_controller.go:166.36,177.42 6 0
github.com/example/db2-operator/controllers/db2cluster_controller.go:187.3,187.68 1 0
github.com/example/db2-operator/controllers/db2cluster_controller.go:191.3,191.68 1 0
github.com/example/db2-operator/controllers/db2cluster_controller.go:196.3,199.43 3 0
github.com/example/db2-operator/controllers/db2cluster_controller.go:210.3,213.50 3 0
github.com/example/db2-operator/controllers/db2cluster_controller.go:224.3,224.38 1 0
github.com/example/db2-operator/controllers/db2cluster_controller.go:253.3,253.110 1 0
github.com/example/db2-operator/controllers/db2cluster_controller.go:282.3,283.75 2 0
github.com/example/db2-operator/controllers/db2cluster_controller.go:177.42,182.4 3 0
github.com/example/db2-operator/controllers/db2cluster_controller.go:182.9,184.12 2 0
github.com/example/db2-operator/controllers/db2cluster_controller.go:187.68,189.4 1 0
github.com/example/db2-operator/controllers/db2cluster_controller.go:191.68,193.4 1 0
github.com/example/db2-operator/controllers/db2cluster_controller.go:199.43,204.4 3 0
github.com/example/db2-operator/controllers/db2cluster_controller.go:204.9,206.12 2 0
github.com/example/db2-operator/controllers/db2cluster_controller.go:213.50,218.4 3 0
github.com/example/db2-operator/controllers/db2cluster_controller.go:218.9,220.12 2 0
github.com/example/db2-operator/controllers/db2cluster_controller.go:224.38,227.29 3 0
github.com/example/db2-operator/controllers/db2cluster_controller.go:247.4,247.120 1 0
github.com/example/db2-operator/controllers/db2cluster_controller.go:227.29,238.5 3 0
github.com/example/db2-operator/controllers/db2cluster_controller.go:238.10,238.59 1 0
github.com/example/db2-operator/controllers/db2cluster_controller.go:238.59,243.5 3 0
github.com/example/db2-operator/controllers/db2cluster_controller.go:243.10,243.69 1 0
github.com/example/db2-operator/controllers/db2cluster_controller.go:243.69,246.5 1 0
github.com/example/db2-operator/controllers/db2cluster_controller.go:253.110,256.29 3 0
github.com/example/db2-operator/controllers/db2cluster_controller.go:279.4,279.123 1 0
github.com/example/db2-operator/controllers/db2cluster_controller.go:256.29,257.41 1 0
github.com/example/db2-operator/controllers/db2cluster_controller.go:257.41,258.66 1 0
github.com/example/db2-operator/controllers/db2cluster_controller.go:269.6,269.32 1 0
github.com/example/db2-operator/controllers/db2cluster_controller.go:258.66,268.7 6 0
github.com/example/db2-operator/controllers/db2cluster_controller.go:271.10,271.36 1 0
github.com/example/db2-operator/controllers/db2cluster_controller.go:271.36,272.89 1 0
github.com/example/db2-operator/controllers/db2cluster_controller.go:277.5,277.31 1 0
github.com/example/db2-operator/controllers/db2cluster_controller.go:272.89,276.6 2 0
github.com/example/db2-operator/controllers/db2cluster_controller.go:287.74,290.3 0 0
github.com/example/db2-operator/controllers/db2cluster_controller.go:292.102,295.3 0 0
github.com/example/db2-operator/controllers/db2cluster_controller.go:297.74,301.3 0 0
github.com/example/db2-operator/controllers/db2cluster_controller.go:305.19,307.3 1 0
github.com/example/db2-operator/controllers/db2cluster_controller.go:311.19,313.3 1 0
github.com/example/db2-operator/controllers/db2cluster_controller.go:323.73,332.2 1 0
